\BOOKMARK [0][-]{chapter.1}{Úvod}{}
\BOOKMARK [1][-]{section.1.1}{Základní informace}{chapter.1}
\BOOKMARK [1][-]{section.1.2}{Typy koneèných prvkù}{chapter.1}
\BOOKMARK [1][-]{section.1.3}{Pou¾ívané jednotky a konvence}{chapter.1}
\BOOKMARK [1][-]{section.1.4}{Struktura programu }{chapter.1}
\BOOKMARK [1][-]{section.1.5}{Interakce s dal¹ími programy}{chapter.1}
\BOOKMARK [0][-]{chapter.2}{První kroky v programu}{}
\BOOKMARK [1][-]{section.2.1}{Základní orientace}{chapter.2}
\BOOKMARK [2][-]{subsection.2.1.1}{Grafické okno}{section.2.1}
\BOOKMARK [2][-]{subsection.2.1.2}{Dal¹í dialogová okna}{section.2.1}
\BOOKMARK [2][-]{subsection.2.1.3}{Okna s výpisy}{section.2.1}
\BOOKMARK [1][-]{section.2.2}{Umístìní a pojmenování datových souborù}{chapter.2}
\BOOKMARK [2][-]{subsection.2.2.1}{Jméno úlohy}{section.2.2}
\BOOKMARK [2][-]{subsection.2.2.2}{Adresáø pro data}{section.2.2}
\BOOKMARK [2][-]{subsection.2.2.3}{Typy souborù}{section.2.2}
\BOOKMARK [1][-]{section.2.3}{Postup tvorby modelu}{chapter.2}
\BOOKMARK [1][-]{section.2.4}{Úvodní pøíklad}{chapter.2}
\BOOKMARK [2][-]{subsection.2.4.1}{Pøíprava}{section.2.4}
\BOOKMARK [2][-]{subsection.2.4.2}{Zadání pøíkladu}{section.2.4}
\BOOKMARK [2][-]{subsection.2.4.3}{Zadání vlastností modelu}{section.2.4}
\BOOKMARK [2][-]{subsection.2.4.4}{Tvorba geometrie modelu}{section.2.4}
\BOOKMARK [2][-]{subsection.2.4.5}{Parametry sítì koneèných prvkù}{section.2.4}
\BOOKMARK [2][-]{subsection.2.4.6}{Tvorba sítì koneèných prvkù}{section.2.4}
\BOOKMARK [2][-]{subsection.2.4.7}{Zadání podpor}{section.2.4}
\BOOKMARK [2][-]{subsection.2.4.8}{Zadání zatí¾ení}{section.2.4}
\BOOKMARK [2][-]{subsection.2.4.9}{Výpoèet}{section.2.4}
\BOOKMARK [2][-]{subsection.2.4.10}{Prohlí¾ení výsledkù}{section.2.4}
\BOOKMARK [2][-]{subsection.2.4.11}{Ulo¾ení výsledkù}{section.2.4}
\BOOKMARK [1][-]{section.2.5}{Ukládání a naèítání dat}{chapter.2}
\BOOKMARK [2][-]{subsection.2.5.1}{Ulo¾ení dat}{section.2.5}
\BOOKMARK [2][-]{subsection.2.5.2}{Naètení dat}{section.2.5}
\BOOKMARK [1][-]{section.2.6}{Úvodní pøíklad zapsaný pomocí pøíkazù}{chapter.2}
\BOOKMARK [0][-]{chapter.3}{Operace v grafickém prostøedí}{}
\BOOKMARK [1][-]{section.3.1}{Manipulace s modelem}{chapter.3}
\BOOKMARK [2][-]{subsection.3.1.1}{Posouvání modelu}{section.3.1}
\BOOKMARK [2][-]{subsection.3.1.2}{Otáèení modelu kolem os x a y}{section.3.1}
\BOOKMARK [2][-]{subsection.3.1.3}{Otáèení modelu kolem osy z }{section.3.1}
\BOOKMARK [2][-]{subsection.3.1.4}{Zvìt¹ování a zmen¹ování modelu}{section.3.1}
\BOOKMARK [1][-]{section.3.2}{Oznaèování objektù v grafických operacích}{chapter.3}
\BOOKMARK [1][-]{section.3.3}{Èíslování a zobrazování komponent modelu}{chapter.3}
\BOOKMARK [1][-]{section.3.4}{Automatické pøekreslování modelu}{chapter.3}
\BOOKMARK [0][-]{chapter.4}{Geometrický model}{}
\BOOKMARK [1][-]{section.4.1}{Základní mo¾nosti}{chapter.4}
\BOOKMARK [1][-]{section.4.2}{Principy zadávání}{chapter.4}
\BOOKMARK [2][-]{subsection.4.2.1}{Body}{section.4.2}
\BOOKMARK [2][-]{subsection.4.2.2}{Geometrické objekty}{section.4.2}
\BOOKMARK [1][-]{section.4.3}{Parametry sítì koneèných prvkù}{chapter.4}
\BOOKMARK [2][-]{subsection.4.3.1}{Výchozí vlastnosti}{section.4.3}
\BOOKMARK [2][-]{subsection.4.3.2}{Oprava vlastností }{section.4.3}
\BOOKMARK [0][-]{chapter.5}{Koneènìprvkový model}{}
\BOOKMARK [1][-]{section.5.1}{Základní mo¾nosti}{chapter.5}
\BOOKMARK [1][-]{section.5.2}{Automatická tvorba sítì koneèných prvkù}{chapter.5}
\BOOKMARK [1][-]{section.5.3}{Postupy zadávání uzlù a koneèných prvkù}{chapter.5}
\BOOKMARK [2][-]{subsection.5.3.1}{Uzly}{section.5.3}
\BOOKMARK [2][-]{subsection.5.3.2}{Konecn\351 prvky}{section.5.3}
\BOOKMARK [1][-]{section.5.4}{Vztah geometrických objektù a koneèných prvkù}{chapter.5}
\BOOKMARK [1][-]{section.5.5}{Podpory v uzlech}{chapter.5}
\BOOKMARK [1][-]{section.5.6}{Zatí¾ení v uzlech }{chapter.5}
\BOOKMARK [1][-]{section.5.7}{Zatí¾ení vlastní tíhou konstrukce }{chapter.5}
\BOOKMARK [0][-]{chapter.6}{Spu¹tìní výpoètu}{}
\BOOKMARK [1][-]{section.6.1}{Lineární výpoèet}{chapter.6}
\BOOKMARK [1][-]{section.6.2}{Nelineární výpoèet}{chapter.6}
\BOOKMARK [0][-]{chapter.7}{Práce s výsledky}{}
\BOOKMARK [1][-]{section.7.1}{Textové výpisy}{chapter.7}
\BOOKMARK [1][-]{section.7.2}{Grafické výstupy}{chapter.7}
\BOOKMARK [1][-]{section.7.3}{Dal¹í typy výsledkù}{chapter.7}
\BOOKMARK [1][-]{section.7.4}{Ukládání obrázkù}{chapter.7}
\BOOKMARK [0][-]{chapter.8}{Instalace programu}{}
\BOOKMARK [1][-]{section.8.1}{Instalace binární verze}{chapter.8}
\BOOKMARK [2][-]{subsection.8.1.1}{Úvod}{section.8.1}
\BOOKMARK [2][-]{subsection.8.1.2}{Unixové operaèní systémy}{section.8.1}
\BOOKMARK [2][-]{subsection.8.1.3}{Operaèní systémy typu Windows}{section.8.1}
\BOOKMARK [2][-]{subsection.8.1.4}{Mac OS X}{section.8.1}
\BOOKMARK [1][-]{section.8.2}{Instalace programu ze zdrojových kódù }{chapter.8}
